<?xml version="1.0" encoding="UTF-8"?>
<!-- Generated by org.testng.reporters.JUnitXMLReporter -->
<testsuite ignored="0" hostname="DESKTOP-4Q5FIJN" failures="0" tests="4" name="Default test" time="3.659" errors="0" timestamp="2021-05-17T16:51:47 PST">
  <testcase classname="testing_java" name="atest_post" time="1.806"/>
  <testcase classname="testing_java" name="btest_patch" time="0.725"/>
  <testcase classname="testing_java" name="ctest_get" time="0.337"/>
  <testcase classname="testing_java" name="dtest_del" time="0.768"/>
</testsuite> <!-- Default test -->
